00:00:00.005450 main     VirtualBox COM Server 6.1.34 r150636 win.amd64 (Mar 23 2022 00:36:21) release log
00:00:00.005453 main     Log opened 2023-08-30T22:32:44.597129200Z
00:00:00.005453 main     Build Type: release
00:00:00.005459 main     OS Product: Windows 11
00:00:00.005460 main     OS Release: 10.0.22621
00:00:00.005460 main     OS Service Pack: 
00:00:00.026885 main     DMI Product Name: HP Laptop 15-dw2xxx
00:00:00.041376 main     DMI Product Version: Type1ProductConfigId
00:00:00.041715 main     Firmware type: UEFI
00:00:00.041979 main     Secure Boot: VERR_PRIVILEGE_NOT_HELD
00:00:00.043108 main     Host RAM: 16165MB (15.7GB) total, 7944MB (7.7GB) available
00:00:00.043114 main     Executable: C:\Program Files\Oracle\VirtualBox\VBoxSVC.exe
00:00:00.043114 main     Process ID: 45360
00:00:00.043115 main     Package type: WINDOWS_64BITS_GENERIC
00:00:00.132259          VirtualBox: object creation starts
00:00:00.134326          Home directory: 'C:\Users\USER\.VirtualBox'
00:00:00.134768          Installed Drivers:
00:00:00.142221            C:\WINDOWS\system32\DRIVERS\VBoxNetLwf.sys (Version: 6.1.34.636)
00:00:00.143546            C:\WINDOWS\system32\DRIVERS\VBoxUSBMon.sys (Version: 6.1.34.636)
00:00:00.144524            C:\WINDOWS\system32\DRIVERS\VBoxSup.sys (Version: 6.1.34.636)
00:00:00.160980          Loading settings file "C:\Users\USER\.VirtualBox\VirtualBox.xml" with version "1.12-windows"
00:00:00.169046          usbLibGetDevices: Starting USB device enumeration
00:00:00.170317          Getting USB descriptor (id 0) failed (dwErr=31) on hub USB#ROOT_HUB30#4&178b8be1&0&0#{f18a0e88-c30c-11d0-8815-00a0c906bed8} port 5
00:00:00.170409          Getting USB descriptor (id 0) failed (dwErr=31) on hub USB#ROOT_HUB30#4&178b8be1&0&0#{f18a0e88-c30c-11d0-8815-00a0c906bed8} port 10
00:00:00.172797          usbLibGetDevices: Found 3 USB devices, 0 captured
00:00:00.173780          USB: Unknown USB device detected (idVendor: 0x0408, idProduct: 0x5365)
00:00:00.175214          USB: Unknown USB device detected (idVendor: 0x0bda, idProduct: 0xb00a)
00:00:00.324451          netIfIsWireless: CreateFile on '\\.\{CA7327AA-A9EF-4BEC-9DE2-F07BBE7F8FDB}' failed with rcWin=2 (0x2) - ignoring
00:00:00.329394          netIfIsWireless: CreateFile on '\\.\{BC4C5F7F-F246-42C3-9C04-FFC6DED2B6A8}' failed with rcWin=2 (0x2) - ignoring
00:00:00.332035          netIfIsWireless: CreateFile on '\\.\{5D979376-4AC2-4188-830E-D06D5C4081FD}' failed with rcWin=2 (0x2) - ignoring
00:00:00.337994          HostDnsMonitor: initializing
00:00:00.345108          HostDnsMonitor: updating information
00:00:00.345786          HostDnsMonitor: old information
00:00:00.345787            no server entries
00:00:00.345788            no domain set
00:00:00.345788            no search string entries
00:00:00.345789          HostDnsMonitor: new information
00:00:00.345789            server 1: 213.57.2.5
00:00:00.345790            server 2: 213.57.22.5
00:00:00.345790            no domain set
00:00:00.345791            no search string entries
00:00:00.401434          VD: VDInit finished with VINF_SUCCESS
00:00:00.416720          Loading settings file "C:\Users\USER\VirtualBox VMs\Windows 11\Windows 11.vbox" with version "1.15-windows"
00:00:00.424157          VirtualBox: object created
00:00:04.199450          Saving settings file "C:\Users\USER\.VirtualBox\VirtualBox.xml" with version "1.12-windows"
00:00:04.210918          Saving settings file "C:\Users\USER\.VirtualBox\VirtualBox.xml" with version "1.12-windows"
00:00:05.144390          Saving settings file "C:\Users\USER\.VirtualBox\VirtualBox.xml" with version "1.12-windows"
00:00:05.152314          Saving settings file "C:\Users\USER\.VirtualBox\VirtualBox.xml" with version "1.12-windows"
00:00:10.718866 main     VirtualBox: object deletion starts
00:00:10.718951 main     ERROR [COM]: aRC=VBOX_E_OBJECT_IN_USE (0x80bb000c) aIID={ad47ad09-787b-44ab-b343-a082a3f2dfb1} aComponent={MediumWrap} aText={Medium 'C:\Users\USER\VirtualBox VMs\Windows 11\Windows 11.vdi' cannot be closed because it is still attached to 1 virtual machines}, preserve=false aResultDetail=0
00:00:10.724577 main     HostDnsMonitor: shutting down ...
00:00:10.724884 main     HostDnsMonitor: shut down
00:00:10.729976 Watcher  ERROR [COM]: aRC=E_ACCESSDENIED (0x80070005) aIID={d0a0163f-e254-4e5b-a1f2-011cf991c38d} aComponent={VirtualBoxWrap} aText={The object is not ready}, preserve=false aResultDetail=0
00:00:10.730909 main     VirtualBox: object deleted
